The system is: Darwin - 12.4.0 - i386
Compiling the C compiler identification source file "CMakeCCompilerId.c" succeeded.
Compiler: /usr/bin/cc 
Build flags: 
Id flags: 

The output was:
0


Compilation of the C compiler identification source "CMakeCCompilerId.c" produced "a.out"

The C compiler identification is Clang, found in "/Users/REN/C/fdtd/CMakeFiles/2.8.10/CompilerIdC/a.out"

Compiling the CXX compiler identification source file "CMakeCXXCompilerId.cpp" succeeded.
Compiler: /usr/bin/c++ 
Build flags: 
Id flags: 

The output was:
0


Compilation of the CXX compiler identification source "CMakeCXXCompilerId.cpp" produced "a.out"

The CXX compiler identification is Clang, found in "/Users/REN/C/fdtd/CMakeFiles/2.8.10/CompilerIdCXX/a.out"

Determining if the C compiler works passed with the following output:
Change Dir: /Users/REN/C/fdtd/CMakeFiles/CMakeTmp

Run Build Command:/usr/bin/make "cmTryCompileExec3312937465/fast"
/usr/bin/make -f CMakeFiles/cmTryCompileExec3312937465.dir/build.make CMakeFiles/cmTryCompileExec3312937465.dir/build
/opt/local/bin/cmake -E cmake_progress_report /Users/REN/C/fdtd/CMakeFiles/CMakeTmp/CMakeFiles 1
Building C object CMakeFiles/cmTryCompileExec3312937465.dir/testCCompiler.c.o
/usr/bin/cc    -o CMakeFiles/cmTryCompileExec3312937465.dir/testCCompiler.c.o   -c /Users/REN/C/fdtd/CMakeFiles/CMakeTmp/testCCompiler.c
Linking C executable cmTryCompileExec3312937465
/opt/local/bin/cmake -E cmake_link_script CMakeFiles/cmTryCompileExec3312937465.dir/link.txt --verbose=1
/usr/bin/cc      -Wl,-search_paths_first -Wl,-headerpad_max_install_names   CMakeFiles/cmTryCompileExec3312937465.dir/testCCompiler.c.o  -o cmTryCompileExec3312937465  


Detecting C compiler ABI info compiled with the following output:
Change Dir: /Users/REN/C/fdtd/CMakeFiles/CMakeTmp

Run Build Command:/usr/bin/make "cmTryCompileExec2959265381/fast"
/usr/bin/make -f CMakeFiles/cmTryCompileExec2959265381.dir/build.make CMakeFiles/cmTryCompileExec2959265381.dir/build
/opt/local/bin/cmake -E cmake_progress_report /Users/REN/C/fdtd/CMakeFiles/CMakeTmp/CMakeFiles 1
Building C object CMakeFiles/cmTryCompileExec2959265381.dir/CMakeCCompilerABI.c.o
/usr/bin/cc    -o CMakeFiles/cmTryCompileExec2959265381.dir/CMakeCCompilerABI.c.o   -c /opt/local/share/cmake-2.8/Modules/CMakeCCompilerABI.c
Linking C executable cmTryCompileExec2959265381
/opt/local/bin/cmake -E cmake_link_script CMakeFiles/cmTryCompileExec2959265381.dir/link.txt --verbose=1
/usr/bin/cc      -Wl,-search_paths_first -Wl,-headerpad_max_install_names -v CMakeFiles/cmTryCompileExec2959265381.dir/CMakeCCompilerABI.c.o  -o cmTryCompileExec2959265381   
Apple LLVM version 4.2 (clang-425.0.28) (based on LLVM 3.2svn)
Target: x86_64-apple-darwin12.4.0
Thread model: posix
 "/usr/bin/ld" -demangle -dynamic -arch x86_64 -macosx_version_min 10.8.0 -o cmTryCompileExec2959265381 -search_paths_first -headerpad_max_install_names CMakeFiles/cmTryCompileExec2959265381.dir/CMakeCCompilerABI.c.o -lSystem /usr/bin/../lib/clang/4.2/lib/darwin/libclang_rt.osx.a


Parsed C implicit link information from above output:
  link line regex: [^( *|.*[/\])(ld|ld|collect2)[^/\]*( |$)]
  ignore line: [Change Dir: /Users/REN/C/fdtd/CMakeFiles/CMakeTmp]
  ignore line: []
  ignore line: [Run Build Command:/usr/bin/make "cmTryCompileExec2959265381/fast"]
  ignore line: [/usr/bin/make -f CMakeFiles/cmTryCompileExec2959265381.dir/build.make CMakeFiles/cmTryCompileExec2959265381.dir/build]
  ignore line: [/opt/local/bin/cmake -E cmake_progress_report /Users/REN/C/fdtd/CMakeFiles/CMakeTmp/CMakeFiles 1]
  ignore line: [Building C object CMakeFiles/cmTryCompileExec2959265381.dir/CMakeCCompilerABI.c.o]
  ignore line: [/usr/bin/cc    -o CMakeFiles/cmTryCompileExec2959265381.dir/CMakeCCompilerABI.c.o   -c /opt/local/share/cmake-2.8/Modules/CMakeCCompilerABI.c]
  ignore line: [Linking C executable cmTryCompileExec2959265381]
  ignore line: [/opt/local/bin/cmake -E cmake_link_script CMakeFiles/cmTryCompileExec2959265381.dir/link.txt --verbose=1]
  ignore line: [/usr/bin/cc      -Wl,-search_paths_first -Wl,-headerpad_max_install_names -v CMakeFiles/cmTryCompileExec2959265381.dir/CMakeCCompilerABI.c.o  -o cmTryCompileExec2959265381   ]
  ignore line: [Apple LLVM version 4.2 (clang-425.0.28) (based on LLVM 3.2svn)]
  ignore line: [Target: x86_64-apple-darwin12.4.0]
  ignore line: [Thread model: posix]
  link line: [ "/usr/bin/ld" -demangle -dynamic -arch x86_64 -macosx_version_min 10.8.0 -o cmTryCompileExec2959265381 -search_paths_first -headerpad_max_install_names CMakeFiles/cmTryCompileExec2959265381.dir/CMakeCCompilerABI.c.o -lSystem /usr/bin/../lib/clang/4.2/lib/darwin/libclang_rt.osx.a]
    arg [/usr/bin/ld] ==> ignore
    arg [-demangle] ==> ignore
    arg [-dynamic] ==> ignore
    arg [-arch] ==> ignore
    arg [x86_64] ==> ignore
    arg [-macosx_version_min] ==> ignore
    arg [10.8.0] ==> ignore
    arg [-o] ==> ignore
    arg [cmTryCompileExec2959265381] ==> ignore
    arg [-search_paths_first] ==> ignore
    arg [-headerpad_max_install_names] ==> ignore
    arg [CMakeFiles/cmTryCompileExec2959265381.dir/CMakeCCompilerABI.c.o] ==> ignore
    arg [-lSystem] ==> lib [System]
    arg [/usr/bin/../lib/clang/4.2/lib/darwin/libclang_rt.osx.a] ==> lib [/usr/bin/../lib/clang/4.2/lib/darwin/libclang_rt.osx.a]
  remove lib [System]
  implicit libs: [/usr/bin/../lib/clang/4.2/lib/darwin/libclang_rt.osx.a]
  implicit dirs: []


Determining if the CXX compiler works passed with the following output:
Change Dir: /Users/REN/C/fdtd/CMakeFiles/CMakeTmp

Run Build Command:/usr/bin/make "cmTryCompileExec1385678786/fast"
/usr/bin/make -f CMakeFiles/cmTryCompileExec1385678786.dir/build.make CMakeFiles/cmTryCompileExec1385678786.dir/build
/opt/local/bin/cmake -E cmake_progress_report /Users/REN/C/fdtd/CMakeFiles/CMakeTmp/CMakeFiles 1
Building CXX object CMakeFiles/cmTryCompileExec1385678786.dir/testCXXCompiler.cxx.o
/usr/bin/c++     -o CMakeFiles/cmTryCompileExec1385678786.dir/testCXXCompiler.cxx.o -c /Users/REN/C/fdtd/CMakeFiles/CMakeTmp/testCXXCompiler.cxx
Linking CXX executable cmTryCompileExec1385678786
/opt/local/bin/cmake -E cmake_link_script CMakeFiles/cmTryCompileExec1385678786.dir/link.txt --verbose=1
/usr/bin/c++       -Wl,-search_paths_first -Wl,-headerpad_max_install_names   CMakeFiles/cmTryCompileExec1385678786.dir/testCXXCompiler.cxx.o  -o cmTryCompileExec1385678786  


Detecting CXX compiler ABI info compiled with the following output:
Change Dir: /Users/REN/C/fdtd/CMakeFiles/CMakeTmp

Run Build Command:/usr/bin/make "cmTryCompileExec763763244/fast"
/usr/bin/make -f CMakeFiles/cmTryCompileExec763763244.dir/build.make CMakeFiles/cmTryCompileExec763763244.dir/build
/opt/local/bin/cmake -E cmake_progress_report /Users/REN/C/fdtd/CMakeFiles/CMakeTmp/CMakeFiles 1
Building CXX object CMakeFiles/cmTryCompileExec763763244.dir/CMakeCXXCompilerABI.cpp.o
/usr/bin/c++     -o CMakeFiles/cmTryCompileExec763763244.dir/CMakeCXXCompilerABI.cpp.o -c /opt/local/share/cmake-2.8/Modules/CMakeCXXCompilerABI.cpp
Linking CXX executable cmTryCompileExec763763244
/opt/local/bin/cmake -E cmake_link_script CMakeFiles/cmTryCompileExec763763244.dir/link.txt --verbose=1
/usr/bin/c++       -Wl,-search_paths_first -Wl,-headerpad_max_install_names -v CMakeFiles/cmTryCompileExec763763244.dir/CMakeCXXCompilerABI.cpp.o  -o cmTryCompileExec763763244   
Apple LLVM version 4.2 (clang-425.0.28) (based on LLVM 3.2svn)
Target: x86_64-apple-darwin12.4.0
Thread model: posix
 "/usr/bin/ld" -demangle -dynamic -arch x86_64 -macosx_version_min 10.8.0 -o cmTryCompileExec763763244 -search_paths_first -headerpad_max_install_names CMakeFiles/cmTryCompileExec763763244.dir/CMakeCXXCompilerABI.cpp.o -lstdc++ -lSystem /usr/bin/../lib/clang/4.2/lib/darwin/libclang_rt.osx.a


Parsed CXX implicit link information from above output:
  link line regex: [^( *|.*[/\])(ld|ld|collect2)[^/\]*( |$)]
  ignore line: [Change Dir: /Users/REN/C/fdtd/CMakeFiles/CMakeTmp]
  ignore line: []
  ignore line: [Run Build Command:/usr/bin/make "cmTryCompileExec763763244/fast"]
  ignore line: [/usr/bin/make -f CMakeFiles/cmTryCompileExec763763244.dir/build.make CMakeFiles/cmTryCompileExec763763244.dir/build]
  ignore line: [/opt/local/bin/cmake -E cmake_progress_report /Users/REN/C/fdtd/CMakeFiles/CMakeTmp/CMakeFiles 1]
  ignore line: [Building CXX object CMakeFiles/cmTryCompileExec763763244.dir/CMakeCXXCompilerABI.cpp.o]
  ignore line: [/usr/bin/c++     -o CMakeFiles/cmTryCompileExec763763244.dir/CMakeCXXCompilerABI.cpp.o -c /opt/local/share/cmake-2.8/Modules/CMakeCXXCompilerABI.cpp]
  ignore line: [Linking CXX executable cmTryCompileExec763763244]
  ignore line: [/opt/local/bin/cmake -E cmake_link_script CMakeFiles/cmTryCompileExec763763244.dir/link.txt --verbose=1]
  ignore line: [/usr/bin/c++       -Wl,-search_paths_first -Wl,-headerpad_max_install_names -v CMakeFiles/cmTryCompileExec763763244.dir/CMakeCXXCompilerABI.cpp.o  -o cmTryCompileExec763763244   ]
  ignore line: [Apple LLVM version 4.2 (clang-425.0.28) (based on LLVM 3.2svn)]
  ignore line: [Target: x86_64-apple-darwin12.4.0]
  ignore line: [Thread model: posix]
  link line: [ "/usr/bin/ld" -demangle -dynamic -arch x86_64 -macosx_version_min 10.8.0 -o cmTryCompileExec763763244 -search_paths_first -headerpad_max_install_names CMakeFiles/cmTryCompileExec763763244.dir/CMakeCXXCompilerABI.cpp.o -lstdc++ -lSystem /usr/bin/../lib/clang/4.2/lib/darwin/libclang_rt.osx.a]
    arg [/usr/bin/ld] ==> ignore
    arg [-demangle] ==> ignore
    arg [-dynamic] ==> ignore
    arg [-arch] ==> ignore
    arg [x86_64] ==> ignore
    arg [-macosx_version_min] ==> ignore
    arg [10.8.0] ==> ignore
    arg [-o] ==> ignore
    arg [cmTryCompileExec763763244] ==> ignore
    arg [-search_paths_first] ==> ignore
    arg [-headerpad_max_install_names] ==> ignore
    arg [CMakeFiles/cmTryCompileExec763763244.dir/CMakeCXXCompilerABI.cpp.o] ==> ignore
    arg [-lstdc++] ==> lib [stdc++]
    arg [-lSystem] ==> lib [System]
    arg [/usr/bin/../lib/clang/4.2/lib/darwin/libclang_rt.osx.a] ==> lib [/usr/bin/../lib/clang/4.2/lib/darwin/libclang_rt.osx.a]
  remove lib [System]
  implicit libs: [stdc++;/usr/bin/../lib/clang/4.2/lib/darwin/libclang_rt.osx.a]
  implicit dirs: []


