The system is: Darwin - 12.5.0 - i386
Compiling the C compiler identification source file "CMakeCCompilerId.c" succeeded.
Compiler: /usr/bin/cc 
Build flags: 
Id flags: 

The output was:
0


Compilation of the C compiler identification source "CMakeCCompilerId.c" produced "a.out"

The C compiler identification is Clang, found in "/Users/REN/C/mpi-fdtd1D/CMakeFiles/2.8.10/CompilerIdC/a.out"

Compiling the CXX compiler identification source file "CMakeCXXCompilerId.cpp" succeeded.
Compiler: /usr/bin/c++ 
Build flags: 
Id flags: 

The output was:
0


Compilation of the CXX compiler identification source "CMakeCXXCompilerId.cpp" produced "a.out"

The CXX compiler identification is Clang, found in "/Users/REN/C/mpi-fdtd1D/CMakeFiles/2.8.10/CompilerIdCXX/a.out"

Determining if the C compiler works passed with the following output:
Change Dir: /Users/REN/C/mpi-fdtd1D/CMakeFiles/CMakeTmp

Run Build Command:/usr/bin/make "cmTryCompileExec4001157168/fast"
/usr/bin/make -f CMakeFiles/cmTryCompileExec4001157168.dir/build.make CMakeFiles/cmTryCompileExec4001157168.dir/build
/opt/local/bin/cmake -E cmake_progress_report /Users/REN/C/mpi-fdtd1D/CMakeFiles/CMakeTmp/CMakeFiles 1
Building C object CMakeFiles/cmTryCompileExec4001157168.dir/testCCompiler.c.o
/usr/bin/cc    -o CMakeFiles/cmTryCompileExec4001157168.dir/testCCompiler.c.o   -c /Users/REN/C/mpi-fdtd1D/CMakeFiles/CMakeTmp/testCCompiler.c
Linking C executable cmTryCompileExec4001157168
/opt/local/bin/cmake -E cmake_link_script CMakeFiles/cmTryCompileExec4001157168.dir/link.txt --verbose=1
/usr/bin/cc      -Wl,-search_paths_first -Wl,-headerpad_max_install_names   CMakeFiles/cmTryCompileExec4001157168.dir/testCCompiler.c.o  -o cmTryCompileExec4001157168  


Detecting C compiler ABI info compiled with the following output:
Change Dir: /Users/REN/C/mpi-fdtd1D/CMakeFiles/CMakeTmp

Run Build Command:/usr/bin/make "cmTryCompileExec3533654251/fast"
/usr/bin/make -f CMakeFiles/cmTryCompileExec3533654251.dir/build.make CMakeFiles/cmTryCompileExec3533654251.dir/build
/opt/local/bin/cmake -E cmake_progress_report /Users/REN/C/mpi-fdtd1D/CMakeFiles/CMakeTmp/CMakeFiles 1
Building C object CMakeFiles/cmTryCompileExec3533654251.dir/CMakeCCompilerABI.c.o
/usr/bin/cc    -o CMakeFiles/cmTryCompileExec3533654251.dir/CMakeCCompilerABI.c.o   -c /opt/local/share/cmake-2.8/Modules/CMakeCCompilerABI.c
Linking C executable cmTryCompileExec3533654251
/opt/local/bin/cmake -E cmake_link_script CMakeFiles/cmTryCompileExec3533654251.dir/link.txt --verbose=1
/usr/bin/cc      -Wl,-search_paths_first -Wl,-headerpad_max_install_names -v CMakeFiles/cmTryCompileExec3533654251.dir/CMakeCCompilerABI.c.o  -o cmTryCompileExec3533654251   
Apple LLVM version 4.2 (clang-425.0.28) (based on LLVM 3.2svn)
Target: x86_64-apple-darwin12.5.0
Thread model: posix
 "/usr/bin/ld" -demangle -dynamic -arch x86_64 -macosx_version_min 10.8.0 -o cmTryCompileExec3533654251 -search_paths_first -headerpad_max_install_names CMakeFiles/cmTryCompileExec3533654251.dir/CMakeCCompilerABI.c.o -lSystem /usr/bin/../lib/clang/4.2/lib/darwin/libclang_rt.osx.a


Parsed C implicit link information from above output:
  link line regex: [^( *|.*[/\])(ld|ld|collect2)[^/\]*( |$)]
  ignore line: [Change Dir: /Users/REN/C/mpi-fdtd1D/CMakeFiles/CMakeTmp]
  ignore line: []
  ignore line: [Run Build Command:/usr/bin/make "cmTryCompileExec3533654251/fast"]
  ignore line: [/usr/bin/make -f CMakeFiles/cmTryCompileExec3533654251.dir/build.make CMakeFiles/cmTryCompileExec3533654251.dir/build]
  ignore line: [/opt/local/bin/cmake -E cmake_progress_report /Users/REN/C/mpi-fdtd1D/CMakeFiles/CMakeTmp/CMakeFiles 1]
  ignore line: [Building C object CMakeFiles/cmTryCompileExec3533654251.dir/CMakeCCompilerABI.c.o]
  ignore line: [/usr/bin/cc    -o CMakeFiles/cmTryCompileExec3533654251.dir/CMakeCCompilerABI.c.o   -c /opt/local/share/cmake-2.8/Modules/CMakeCCompilerABI.c]
  ignore line: [Linking C executable cmTryCompileExec3533654251]
  ignore line: [/opt/local/bin/cmake -E cmake_link_script CMakeFiles/cmTryCompileExec3533654251.dir/link.txt --verbose=1]
  ignore line: [/usr/bin/cc      -Wl,-search_paths_first -Wl,-headerpad_max_install_names -v CMakeFiles/cmTryCompileExec3533654251.dir/CMakeCCompilerABI.c.o  -o cmTryCompileExec3533654251   ]
  ignore line: [Apple LLVM version 4.2 (clang-425.0.28) (based on LLVM 3.2svn)]
  ignore line: [Target: x86_64-apple-darwin12.5.0]
  ignore line: [Thread model: posix]
  link line: [ "/usr/bin/ld" -demangle -dynamic -arch x86_64 -macosx_version_min 10.8.0 -o cmTryCompileExec3533654251 -search_paths_first -headerpad_max_install_names CMakeFiles/cmTryCompileExec3533654251.dir/CMakeCCompilerABI.c.o -lSystem /usr/bin/../lib/clang/4.2/lib/darwin/libclang_rt.osx.a]
    arg [/usr/bin/ld] ==> ignore
    arg [-demangle] ==> ignore
    arg [-dynamic] ==> ignore
    arg [-arch] ==> ignore
    arg [x86_64] ==> ignore
    arg [-macosx_version_min] ==> ignore
    arg [10.8.0] ==> ignore
    arg [-o] ==> ignore
    arg [cmTryCompileExec3533654251] ==> ignore
    arg [-search_paths_first] ==> ignore
    arg [-headerpad_max_install_names] ==> ignore
    arg [CMakeFiles/cmTryCompileExec3533654251.dir/CMakeCCompilerABI.c.o] ==> ignore
    arg [-lSystem] ==> lib [System]
    arg [/usr/bin/../lib/clang/4.2/lib/darwin/libclang_rt.osx.a] ==> lib [/usr/bin/../lib/clang/4.2/lib/darwin/libclang_rt.osx.a]
  remove lib [System]
  implicit libs: [/usr/bin/../lib/clang/4.2/lib/darwin/libclang_rt.osx.a]
  implicit dirs: []


Determining if the CXX compiler works passed with the following output:
Change Dir: /Users/REN/C/mpi-fdtd1D/CMakeFiles/CMakeTmp

Run Build Command:/usr/bin/make "cmTryCompileExec3429139562/fast"
/usr/bin/make -f CMakeFiles/cmTryCompileExec3429139562.dir/build.make CMakeFiles/cmTryCompileExec3429139562.dir/build
/opt/local/bin/cmake -E cmake_progress_report /Users/REN/C/mpi-fdtd1D/CMakeFiles/CMakeTmp/CMakeFiles 1
Building CXX object CMakeFiles/cmTryCompileExec3429139562.dir/testCXXCompiler.cxx.o
/usr/bin/c++     -o CMakeFiles/cmTryCompileExec3429139562.dir/testCXXCompiler.cxx.o -c /Users/REN/C/mpi-fdtd1D/CMakeFiles/CMakeTmp/testCXXCompiler.cxx
Linking CXX executable cmTryCompileExec3429139562
/opt/local/bin/cmake -E cmake_link_script CMakeFiles/cmTryCompileExec3429139562.dir/link.txt --verbose=1
/usr/bin/c++       -Wl,-search_paths_first -Wl,-headerpad_max_install_names   CMakeFiles/cmTryCompileExec3429139562.dir/testCXXCompiler.cxx.o  -o cmTryCompileExec3429139562  


Detecting CXX compiler ABI info compiled with the following output:
Change Dir: /Users/REN/C/mpi-fdtd1D/CMakeFiles/CMakeTmp

Run Build Command:/usr/bin/make "cmTryCompileExec1782255526/fast"
/usr/bin/make -f CMakeFiles/cmTryCompileExec1782255526.dir/build.make CMakeFiles/cmTryCompileExec1782255526.dir/build
/opt/local/bin/cmake -E cmake_progress_report /Users/REN/C/mpi-fdtd1D/CMakeFiles/CMakeTmp/CMakeFiles 1
Building CXX object CMakeFiles/cmTryCompileExec1782255526.dir/CMakeCXXCompilerABI.cpp.o
/usr/bin/c++     -o CMakeFiles/cmTryCompileExec1782255526.dir/CMakeCXXCompilerABI.cpp.o -c /opt/local/share/cmake-2.8/Modules/CMakeCXXCompilerABI.cpp
Linking CXX executable cmTryCompileExec1782255526
/opt/local/bin/cmake -E cmake_link_script CMakeFiles/cmTryCompileExec1782255526.dir/link.txt --verbose=1
/usr/bin/c++       -Wl,-search_paths_first -Wl,-headerpad_max_install_names -v CMakeFiles/cmTryCompileExec1782255526.dir/CMakeCXXCompilerABI.cpp.o  -o cmTryCompileExec1782255526   
Apple LLVM version 4.2 (clang-425.0.28) (based on LLVM 3.2svn)
Target: x86_64-apple-darwin12.5.0
Thread model: posix
 "/usr/bin/ld" -demangle -dynamic -arch x86_64 -macosx_version_min 10.8.0 -o cmTryCompileExec1782255526 -search_paths_first -headerpad_max_install_names CMakeFiles/cmTryCompileExec1782255526.dir/CMakeCXXCompilerABI.cpp.o -lstdc++ -lSystem /usr/bin/../lib/clang/4.2/lib/darwin/libclang_rt.osx.a


Parsed CXX implicit link information from above output:
  link line regex: [^( *|.*[/\])(ld|ld|collect2)[^/\]*( |$)]
  ignore line: [Change Dir: /Users/REN/C/mpi-fdtd1D/CMakeFiles/CMakeTmp]
  ignore line: []
  ignore line: [Run Build Command:/usr/bin/make "cmTryCompileExec1782255526/fast"]
  ignore line: [/usr/bin/make -f CMakeFiles/cmTryCompileExec1782255526.dir/build.make CMakeFiles/cmTryCompileExec1782255526.dir/build]
  ignore line: [/opt/local/bin/cmake -E cmake_progress_report /Users/REN/C/mpi-fdtd1D/CMakeFiles/CMakeTmp/CMakeFiles 1]
  ignore line: [Building CXX object CMakeFiles/cmTryCompileExec1782255526.dir/CMakeCXXCompilerABI.cpp.o]
  ignore line: [/usr/bin/c++     -o CMakeFiles/cmTryCompileExec1782255526.dir/CMakeCXXCompilerABI.cpp.o -c /opt/local/share/cmake-2.8/Modules/CMakeCXXCompilerABI.cpp]
  ignore line: [Linking CXX executable cmTryCompileExec1782255526]
  ignore line: [/opt/local/bin/cmake -E cmake_link_script CMakeFiles/cmTryCompileExec1782255526.dir/link.txt --verbose=1]
  ignore line: [/usr/bin/c++       -Wl,-search_paths_first -Wl,-headerpad_max_install_names -v CMakeFiles/cmTryCompileExec1782255526.dir/CMakeCXXCompilerABI.cpp.o  -o cmTryCompileExec1782255526   ]
  ignore line: [Apple LLVM version 4.2 (clang-425.0.28) (based on LLVM 3.2svn)]
  ignore line: [Target: x86_64-apple-darwin12.5.0]
  ignore line: [Thread model: posix]
  link line: [ "/usr/bin/ld" -demangle -dynamic -arch x86_64 -macosx_version_min 10.8.0 -o cmTryCompileExec1782255526 -search_paths_first -headerpad_max_install_names CMakeFiles/cmTryCompileExec1782255526.dir/CMakeCXXCompilerABI.cpp.o -lstdc++ -lSystem /usr/bin/../lib/clang/4.2/lib/darwin/libclang_rt.osx.a]
    arg [/usr/bin/ld] ==> ignore
    arg [-demangle] ==> ignore
    arg [-dynamic] ==> ignore
    arg [-arch] ==> ignore
    arg [x86_64] ==> ignore
    arg [-macosx_version_min] ==> ignore
    arg [10.8.0] ==> ignore
    arg [-o] ==> ignore
    arg [cmTryCompileExec1782255526] ==> ignore
    arg [-search_paths_first] ==> ignore
    arg [-headerpad_max_install_names] ==> ignore
    arg [CMakeFiles/cmTryCompileExec1782255526.dir/CMakeCXXCompilerABI.cpp.o] ==> ignore
    arg [-lstdc++] ==> lib [stdc++]
    arg [-lSystem] ==> lib [System]
    arg [/usr/bin/../lib/clang/4.2/lib/darwin/libclang_rt.osx.a] ==> lib [/usr/bin/../lib/clang/4.2/lib/darwin/libclang_rt.osx.a]
  remove lib [System]
  implicit libs: [stdc++;/usr/bin/../lib/clang/4.2/lib/darwin/libclang_rt.osx.a]
  implicit dirs: []


